L 08/23/2017 - 18:27:15: Binding/Hooking cvars have been disabled - check your gamedata files.
L 08/23/2017 - 18:27:15: client_disconnected forward has been disabled - check your gamedata files.
L 08/23/2017 - 18:27:15: -------- Mapchange to css_dust2_remake --------
L 08/23/2017 - 18:27:16: [nextmap.amxx] WARNING: Couldn't find a valid map or the file doesn't exist (file "mapcycle.txt")
L 08/23/2017 - 18:27:16: [admin.amxx] Login: "Player<1><STEAM_0:0:1627754335><>" became an admin (account "loopback") (access "abcdefghijklmnopqrstuv") (address "loopback")
L 08/23/2017 - 18:27:17: [admin.amxx] Login: "Player<1><STEAM_0:0:1627754335><>" became an admin (account "loopback") (access "abcdefghijklmnopqrstuv") (address "loopback")
L 08/23/2017 - 18:28:17: -------- Mapchange to css_dust2_remake --------
L 08/23/2017 - 18:28:17: [nextmap.amxx] WARNING: Couldn't find a valid map or the file doesn't exist (file "mapcycle.txt")
L 08/23/2017 - 18:28:17: [admin.amxx] Login: "Player<3><STEAM_0:0:1627754335><>" became an admin (account "loopback") (access "abcdefghijklmnopqrstuv") (address "loopback")
L 08/23/2017 - 18:28:18: [admin.amxx] Login: "Player<3><STEAM_0:0:1627754335><>" became an admin (account "loopback") (access "abcdefghijklmnopqrstuv") (address "loopback")
L 08/23/2017 - 18:30:44: -------- Mapchange to css_dust2_go --------
L 08/23/2017 - 18:30:44: [nextmap.amxx] WARNING: Couldn't find a valid map or the file doesn't exist (file "mapcycle.txt")
L 08/23/2017 - 18:30:44: [admin.amxx] Login: "Player<9><STEAM_0:0:1627754335><>" became an admin (account "loopback") (access "abcdefghijklmnopqrstuv") (address "loopback")
L 08/23/2017 - 18:30:45: [admin.amxx] Login: "Player<9><STEAM_0:0:1627754335><>" became an admin (account "loopback") (access "abcdefghijklmnopqrstuv") (address "loopback")
L 08/23/2017 - 18:31:50: -------- Mapchange to css_dust2_go --------
L 08/23/2017 - 18:31:50: [nextmap.amxx] WARNING: Couldn't find a valid map or the file doesn't exist (file "mapcycle.txt")
L 08/23/2017 - 18:31:51: [admin.amxx] Login: "Player<11><STEAM_0:0:1627754335><>" became an admin (account "loopback") (access "abcdefghijklmnopqrstuv") (address "loopback")
L 08/23/2017 - 18:31:51: [admin.amxx] Login: "Player<11><STEAM_0:0:1627754335><>" became an admin (account "loopback") (access "abcdefghijklmnopqrstuv") (address "loopback")
L 08/23/2017 - 18:32:09: -------- Mapchange to css_dust2_go --------
L 08/23/2017 - 18:32:10: [nextmap.amxx] WARNING: Couldn't find a valid map or the file doesn't exist (file "mapcycle.txt")
L 08/23/2017 - 18:32:10: [admin.amxx] Login: "Player<17><STEAM_0:0:1627754335><>" became an admin (account "loopback") (access "abcdefghijklmnopqrstuv") (address "loopback")
L 08/23/2017 - 18:32:11: [admin.amxx] Login: "Player<17><STEAM_0:0:1627754335><>" became an admin (account "loopback") (access "abcdefghijklmnopqrstuv") (address "loopback")
L 08/23/2017 - 18:33:56: Binding/Hooking cvars have been disabled - check your gamedata files.
L 08/23/2017 - 18:33:56: client_disconnected forward has been disabled - check your gamedata files.
L 08/23/2017 - 18:33:57: -------- Mapchange to css_dust2_go --------
L 08/23/2017 - 18:33:57: [nextmap.amxx] WARNING: Couldn't find a valid map or the file doesn't exist (file "mapcycle.txt")
L 08/23/2017 - 18:33:58: [admin.amxx] Login: "Player<1><STEAM_0:0:1627754335><>" became an admin (account "loopback") (access "abcdefghijklmnopqrstuv") (address "loopback")
L 08/23/2017 - 18:33:58: [admin.amxx] Login: "Player<1><STEAM_0:0:1627754335><>" became an admin (account "loopback") (access "abcdefghijklmnopqrstuv") (address "loopback")
L 08/23/2017 - 18:34:42: Binding/Hooking cvars have been disabled - check your gamedata files.
L 08/23/2017 - 18:34:42: client_disconnected forward has been disabled - check your gamedata files.
L 08/23/2017 - 18:34:42: -------- Mapchange to css_dust2_go --------
L 08/23/2017 - 18:34:43: [nextmap.amxx] WARNING: Couldn't find a valid map or the file doesn't exist (file "mapcycle.txt")
L 08/23/2017 - 18:34:43: [admin.amxx] Login: "Player<1><STEAM_0:0:1627754335><>" became an admin (account "loopback") (access "abcdefghijklmnopqrstuv") (address "loopback")
L 08/23/2017 - 18:34:44: [admin.amxx] Login: "Player<1><STEAM_0:0:1627754335><>" became an admin (account "loopback") (access "abcdefghijklmnopqrstuv") (address "loopback")
L 08/23/2017 - 18:37:51: Binding/Hooking cvars have been disabled - check your gamedata files.
L 08/23/2017 - 18:37:51: client_disconnected forward has been disabled - check your gamedata files.
L 08/23/2017 - 18:37:52: -------- Mapchange to css_dust2_go --------
L 08/23/2017 - 18:37:56: [nextmap.amxx] WARNING: Couldn't find a valid map or the file doesn't exist (file "mapcycle.txt")
L 08/23/2017 - 18:37:56: [admin.amxx] Login: "Player<1><STEAM_0:0:1627754335><>" became an admin (account "loopback") (access "abcdefghijklmnopqrstuv") (address "loopback")
L 08/23/2017 - 18:37:57: [admin.amxx] Login: "Player<1><STEAM_0:0:1627754335><>" became an admin (account "loopback") (access "abcdefghijklmnopqrstuv") (address "loopback")
L 08/23/2017 - 18:44:51: Binding/Hooking cvars have been disabled - check your gamedata files.
L 08/23/2017 - 18:44:51: client_disconnected forward has been disabled - check your gamedata files.
L 08/23/2017 - 18:44:52: -------- Mapchange to css_dust2_go --------
L 08/23/2017 - 18:44:55: [nextmap.amxx] WARNING: Couldn't find a valid map or the file doesn't exist (file "mapcycle.txt")
L 08/23/2017 - 18:44:55: [admin.amxx] Login: "Player<1><STEAM_0:0:1627754335><>" became an admin (account "loopback") (access "abcdefghijklmnopqrstuv") (address "loopback")
L 08/23/2017 - 18:44:56: [admin.amxx] Login: "Player<1><STEAM_0:0:1627754335><>" became an admin (account "loopback") (access "abcdefghijklmnopqrstuv") (address "loopback")
L 08/23/2017 - 18:47:19: Binding/Hooking cvars have been disabled - check your gamedata files.
L 08/23/2017 - 18:47:19: client_disconnected forward has been disabled - check your gamedata files.
L 08/23/2017 - 18:47:20: -------- Mapchange to css_dust2_go --------
L 08/23/2017 - 18:47:21: [nextmap.amxx] WARNING: Couldn't find a valid map or the file doesn't exist (file "mapcycle.txt")
L 08/23/2017 - 18:47:21: [admin.amxx] Login: "Player<1><STEAM_0:0:1627754335><>" became an admin (account "loopback") (access "abcdefghijklmnopqrstuv") (address "loopback")
L 08/23/2017 - 18:47:22: [admin.amxx] Login: "Player<1><STEAM_0:0:1627754335><>" became an admin (account "loopback") (access "abcdefghijklmnopqrstuv") (address "loopback")
L 08/23/2017 - 18:54:44: -------- Mapchange to css_dust2sky_go --------
L 08/23/2017 - 18:54:44: [nextmap.amxx] WARNING: Couldn't find a valid map or the file doesn't exist (file "mapcycle.txt")
L 08/23/2017 - 18:54:44: [admin.amxx] Login: "Player<2><STEAM_0:0:1627754335><>" became an admin (account "loopback") (access "abcdefghijklmnopqrstuv") (address "loopback")
L 08/23/2017 - 18:54:45: [admin.amxx] Login: "Player<2><STEAM_0:0:1627754335><>" became an admin (account "loopback") (access "abcdefghijklmnopqrstuv") (address "loopback")
L 08/23/2017 - 18:57:37: Binding/Hooking cvars have been disabled - check your gamedata files.
L 08/23/2017 - 18:57:37: client_disconnected forward has been disabled - check your gamedata files.
L 08/23/2017 - 18:57:37: -------- Mapchange to css_dust2sky_go --------
L 08/23/2017 - 18:57:38: [nextmap.amxx] WARNING: Couldn't find a valid map or the file doesn't exist (file "mapcycle.txt")
L 08/23/2017 - 18:57:38: [admin.amxx] Login: "Player<1><STEAM_0:0:1627754335><>" became an admin (account "loopback") (access "abcdefghijklmnopqrstuv") (address "loopback")
L 08/23/2017 - 18:57:39: [admin.amxx] Login: "Player<1><STEAM_0:0:1627754335><>" became an admin (account "loopback") (access "abcdefghijklmnopqrstuv") (address "loopback")
L 08/23/2017 - 19:02:18: Binding/Hooking cvars have been disabled - check your gamedata files.
L 08/23/2017 - 19:02:18: client_disconnected forward has been disabled - check your gamedata files.
L 08/23/2017 - 19:02:19: -------- Mapchange to css_dust2sky_go --------
L 08/23/2017 - 19:02:20: [nextmap.amxx] WARNING: Couldn't find a valid map or the file doesn't exist (file "mapcycle.txt")
L 08/23/2017 - 19:02:20: [admin.amxx] Login: "Player<1><STEAM_0:0:1627754335><>" became an admin (account "loopback") (access "abcdefghijklmnopqrstuv") (address "loopback")
L 08/23/2017 - 19:02:21: [admin.amxx] Login: "Player<1><STEAM_0:0:1627754335><>" became an admin (account "loopback") (access "abcdefghijklmnopqrstuv") (address "loopback")
L 08/23/2017 - 19:05:04: Binding/Hooking cvars have been disabled - check your gamedata files.
L 08/23/2017 - 19:05:04: client_disconnected forward has been disabled - check your gamedata files.
L 08/23/2017 - 19:05:04: -------- Mapchange to css_dust2sky_go --------
L 08/23/2017 - 19:05:05: [nextmap.amxx] WARNING: Couldn't find a valid map or the file doesn't exist (file "mapcycle.txt")
L 08/23/2017 - 19:05:06: [admin.amxx] Login: "Player<1><STEAM_0:0:1627754335><>" became an admin (account "loopback") (access "abcdefghijklmnopqrstuv") (address "loopback")
L 08/23/2017 - 19:05:06: [admin.amxx] Login: "Player<1><STEAM_0:0:1627754335><>" became an admin (account "loopback") (access "abcdefghijklmnopqrstuv") (address "loopback")
L 08/23/2017 - 19:06:03: -------- Mapchange to css_dust2sky_go --------
L 08/23/2017 - 19:06:04: [nextmap.amxx] WARNING: Couldn't find a valid map or the file doesn't exist (file "mapcycle.txt")
L 08/23/2017 - 19:06:04: [admin.amxx] Login: "Player<2><STEAM_0:0:1627754335><>" became an admin (account "loopback") (access "abcdefghijklmnopqrstuv") (address "loopback")
L 08/23/2017 - 19:06:05: [admin.amxx] Login: "Player<2><STEAM_0:0:1627754335><>" became an admin (account "loopback") (access "abcdefghijklmnopqrstuv") (address "loopback")
L 08/23/2017 - 19:37:14: Binding/Hooking cvars have been disabled - check your gamedata files.
L 08/23/2017 - 19:37:14: client_disconnected forward has been disabled - check your gamedata files.
L 08/23/2017 - 19:37:15: -------- Mapchange to css_dust2night_gob1 --------
L 08/23/2017 - 19:37:18: [nextmap.amxx] WARNING: Couldn't find a valid map or the file doesn't exist (file "mapcycle.txt")
L 08/23/2017 - 19:37:19: [admin.amxx] Login: "Bia<1><STEAM_0:0:787808286><>" became an admin (account "loopback") (access "abcdefghijklmnopqrstuv") (address "loopback")
L 08/23/2017 - 19:37:21: [admin.amxx] Login: "Bia<1><STEAM_0:0:787808286><>" became an admin (account "loopback") (access "abcdefghijklmnopqrstuv") (address "loopback")
L 08/23/2017 - 19:39:44: -------- Mapchange to css_dust2night_gob1 --------
L 08/23/2017 - 19:39:44: [nextmap.amxx] WARNING: Couldn't find a valid map or the file doesn't exist (file "mapcycle.txt")
L 08/23/2017 - 19:39:45: [admin.amxx] Login: "Bia<3><STEAM_0:0:787808286><>" became an admin (account "loopback") (access "abcdefghijklmnopqrstuv") (address "loopback")
L 08/23/2017 - 19:39:47: [admin.amxx] Login: "Bia<3><STEAM_0:0:787808286><>" became an admin (account "loopback") (access "abcdefghijklmnopqrstuv") (address "loopback")
L 08/23/2017 - 19:41:35: -------- Mapchange to css_dust2night_gob1 --------
L 08/23/2017 - 19:41:35: [nextmap.amxx] WARNING: Couldn't find a valid map or the file doesn't exist (file "mapcycle.txt")
L 08/23/2017 - 19:41:36: [admin.amxx] Login: "Bia<9><STEAM_0:0:787808286><>" became an admin (account "loopback") (access "abcdefghijklmnopqrstuv") (address "loopback")
L 08/23/2017 - 19:41:38: [admin.amxx] Login: "Bia<9><STEAM_0:0:787808286><>" became an admin (account "loopback") (access "abcdefghijklmnopqrstuv") (address "loopback")
L 08/23/2017 - 20:48:57: Binding/Hooking cvars have been disabled - check your gamedata files.
L 08/23/2017 - 20:48:57: client_disconnected forward has been disabled - check your gamedata files.
L 08/23/2017 - 20:48:58: -------- Mapchange to css_dust2sky_go --------
L 08/23/2017 - 20:49:00: [nextmap.amxx] WARNING: Couldn't find a valid map or the file doesn't exist (file "mapcycle.txt")
L 08/23/2017 - 20:49:01: [admin.amxx] Login: "Bia<1><STEAM_0:0:787808286><>" became an admin (account "loopback") (access "abcdefghijklmnopqrstuv") (address "loopback")
L 08/23/2017 - 20:49:03: [admin.amxx] Login: "Bia<1><STEAM_0:0:787808286><>" became an admin (account "loopback") (access "abcdefghijklmnopqrstuv") (address "loopback")
L 08/23/2017 - 20:51:29: -------- Mapchange to css_dust2sky_go --------
L 08/23/2017 - 20:51:29: [nextmap.amxx] WARNING: Couldn't find a valid map or the file doesn't exist (file "mapcycle.txt")
L 08/23/2017 - 20:51:30: [admin.amxx] Login: "Bia<3><STEAM_0:0:787808286><>" became an admin (account "loopback") (access "abcdefghijklmnopqrstuv") (address "loopback")
L 08/23/2017 - 20:51:32: [admin.amxx] Login: "Bia<3><STEAM_0:0:787808286><>" became an admin (account "loopback") (access "abcdefghijklmnopqrstuv") (address "loopback")
L 08/23/2017 - 20:59:20: Binding/Hooking cvars have been disabled - check your gamedata files.
L 08/23/2017 - 20:59:20: client_disconnected forward has been disabled - check your gamedata files.
L 08/23/2017 - 20:59:22: -------- Mapchange to css_dust2sky_go --------
L 08/23/2017 - 20:59:24: [nextmap.amxx] WARNING: Couldn't find a valid map or the file doesn't exist (file "mapcycle.txt")
L 08/23/2017 - 20:59:25: [admin.amxx] Login: "Bia<1><STEAM_0:0:787808286><>" became an admin (account "loopback") (access "abcdefghijklmnopqrstuv") (address "loopback")
L 08/23/2017 - 20:59:27: [admin.amxx] Login: "Bia<1><STEAM_0:0:787808286><>" became an admin (account "loopback") (access "abcdefghijklmnopqrstuv") (address "loopback")
L 08/23/2017 - 21:00:26: -------- Mapchange to css_dust2night_gob1 --------
L 08/23/2017 - 21:00:27: [nextmap.amxx] WARNING: Couldn't find a valid map or the file doesn't exist (file "mapcycle.txt")
L 08/23/2017 - 21:00:28: [admin.amxx] Login: "Bia<12><STEAM_0:0:787808286><>" became an admin (account "loopback") (access "abcdefghijklmnopqrstuv") (address "loopback")
L 08/23/2017 - 21:00:31: [admin.amxx] Login: "Bia<12><STEAM_0:0:787808286><>" became an admin (account "loopback") (access "abcdefghijklmnopqrstuv") (address "loopback")
L 08/23/2017 - 21:01:36: -------- Mapchange to css_dust2night_gob1 --------
L 08/23/2017 - 21:01:36: [nextmap.amxx] WARNING: Couldn't find a valid map or the file doesn't exist (file "mapcycle.txt")
L 08/23/2017 - 21:01:37: [admin.amxx] Login: "Bia<23><STEAM_0:0:787808286><>" became an admin (account "loopback") (access "abcdefghijklmnopqrstuv") (address "loopback")
L 08/23/2017 - 21:01:40: [admin.amxx] Login: "Bia<23><STEAM_0:0:787808286><>" became an admin (account "loopback") (access "abcdefghijklmnopqrstuv") (address "loopback")
L 08/23/2017 - 21:08:18: Binding/Hooking cvars have been disabled - check your gamedata files.
L 08/23/2017 - 21:08:18: client_disconnected forward has been disabled - check your gamedata files.
L 08/23/2017 - 21:08:19: -------- Mapchange to css_dust2night_gob1 --------
L 08/23/2017 - 21:08:21: [nextmap.amxx] WARNING: Couldn't find a valid map or the file doesn't exist (file "mapcycle.txt")
L 08/23/2017 - 21:08:22: [admin.amxx] Login: "Bia<1><STEAM_0:0:787808286><>" became an admin (account "loopback") (access "abcdefghijklmnopqrstuv") (address "loopback")
L 08/23/2017 - 21:08:31: -------- Mapchange to css_dust2night_gob1 --------
L 08/23/2017 - 21:08:32: [nextmap.amxx] WARNING: Couldn't find a valid map or the file doesn't exist (file "mapcycle.txt")
L 08/23/2017 - 21:08:33: [admin.amxx] Login: "Bia<2><STEAM_0:0:787808286><>" became an admin (account "loopback") (access "abcdefghijklmnopqrstuv") (address "loopback")
L 08/23/2017 - 21:09:23: Binding/Hooking cvars have been disabled - check your gamedata files.
L 08/23/2017 - 21:09:23: client_disconnected forward has been disabled - check your gamedata files.
L 08/23/2017 - 21:09:24: -------- Mapchange to css_dust2night_gob1 --------
L 08/23/2017 - 21:09:27: [nextmap.amxx] WARNING: Couldn't find a valid map or the file doesn't exist (file "mapcycle.txt")
L 08/23/2017 - 21:09:27: [admin.amxx] Login: "Bia<1><STEAM_0:0:787808286><>" became an admin (account "loopback") (access "abcdefghijklmnopqrstuv") (address "loopback")
L 08/23/2017 - 21:12:33: Binding/Hooking cvars have been disabled - check your gamedata files.
L 08/23/2017 - 21:12:33: client_disconnected forward has been disabled - check your gamedata files.
L 08/23/2017 - 21:12:35: -------- Mapchange to css_dust2night_gob1 --------
L 08/23/2017 - 21:12:38: [nextmap.amxx] WARNING: Couldn't find a valid map or the file doesn't exist (file "mapcycle.txt")
L 08/23/2017 - 21:12:39: [admin.amxx] Login: "Bia<1><STEAM_0:0:787808286><>" became an admin (account "loopback") (access "abcdefghijklmnopqrstuv") (address "loopback")
L 08/23/2017 - 21:12:42: [admin.amxx] Login: "Bia<1><STEAM_0:0:787808286><>" became an admin (account "loopback") (access "abcdefghijklmnopqrstuv") (address "loopback")
L 08/23/2017 - 21:12:53: -------- Mapchange to css_dust2night_gob1 --------
L 08/23/2017 - 21:12:54: [nextmap.amxx] WARNING: Couldn't find a valid map or the file doesn't exist (file "mapcycle.txt")
L 08/23/2017 - 21:12:56: [admin.amxx] Login: "Bia<2><STEAM_0:0:787808286><>" became an admin (account "loopback") (access "abcdefghijklmnopqrstuv") (address "loopback")
L 08/23/2017 - 21:12:58: [admin.amxx] Login: "Bia<2><STEAM_0:0:787808286><>" became an admin (account "loopback") (access "abcdefghijklmnopqrstuv") (address "loopback")
